Flutter crash report; please file at https://github.com/flutter/flutter/issues.

## command

flutter --no-color run --machine --track-widget-creation --device-id=emulator-5554 lib/chapter1/hello_flutter.dart

## exception

ArgumentError: Invalid argument(s): Cannot find executable for /Users/ptyagi/fluttersdk/flutter/bin/cache/dart-sdk/bin/dart.

```
#0      _getExecutable (package:process/src/interface/local_process_manager.dart:127:5)
#1      LocalProcessManager.start (package:process/src/interface/local_process_manager.dart:43:30)
#2      DefaultResidentCompiler._compile (package:flutter_tools/src/compile.dart:691:44)
#3      DefaultResidentCompiler._recompile (package:flutter_tools/src/compile.dart:598:14)
#4      _RecompileRequest._run (package:flutter_tools/src/compile.dart:412:16)
#5      _CompilationRequest.run (package:flutter_tools/src/compile.dart:392:30)
#6      DefaultResidentCompiler._handleCompilationRequest (package:flutter_tools/src/compile.dart:632:23)
#7      _rootRunUnary (dart:async/zone.dart:1134:38)
#8      _CustomZone.runUnary (dart:async/zone.dart:1031:19)
#9      _CustomZone.runUnaryGuarded (dart:async/zone.dart:933:7)
#10     _BufferingStreamSubscription._sendData (dart:async/stream_impl.dart:339:11)
#11     _DelayedData.perform (dart:async/stream_impl.dart:594:14)
#12     _StreamImplEvents.handleNext (dart:async/stream_impl.dart:710:11)
#13     _PendingEvents.schedule.<anonymous closure> (dart:async/stream_impl.dart:670:7)
#14     _rootRun (dart:async/zone.dart:1122:38)
#15     _CustomZone.run (dart:async/zone.dart:1023:19)
#16     _CustomZone.runGuarded (dart:async/zone.dart:925:7)
#17     _CustomZone.bindCallbackGuarded.<anonymous closure> (dart:async/zone.dart:965:23)
#18     _rootRun (dart:async/zone.dart:1126:13)
#19     _CustomZone.run (dart:async/zone.dart:1023:19)
#20     _CustomZone.runGuarded (dart:async/zone.dart:925:7)
#21     _CustomZone.bindCallbackGuarded.<anonymous closure> (dart:async/zone.dart:965:23)
#22     _microtaskLoop (dart:async/schedule_microtask.dart:43:21)
#23     _startMicrotaskLoop (dart:async/schedule_microtask.dart:52:5)
#24     _runPendingImmediateCallback (dart:isolate-patch/isolate_patch.dart:118:13)
#25     _RawReceivePortImpl._handleMessage (dart:isolate-patch/isolate_patch.dart:169:5)
```

## flutter doctor

```
[✓] Flutter (Channel master, v1.14.4-pre.27, on Mac OS X 10.15.3 19D76, locale en-US)
    • Flutter version 1.14.4-pre.27 at /Users/ptyagi/fluttersdk/flutter
    • Framework revision 4fd19aa189 (15 minutes ago), 2020-02-07 04:33:01 +0800
    • Engine revision f34bc65bee
    • Dart version 2.8.0 (build 2.8.0-dev.3.0 ef0c7f16e6)

[✓] Android toolchain - develop for Android devices (Android SDK version 29.0.2)
    • Android SDK at /Users/ptyagi/Library/Android/sdk
    • Android NDK location not configured (optional; useful for native profiling support)
    • Platform android-29, build-tools 29.0.2
    • Java binary at: /Applications/Android Studio.app/Contents/jre/jdk/Contents/Home/bin/java
    • Java version OpenJDK Runtime Environment (build 1.8.0_202-release-1483-b49-5587405)
    • All Android licenses accepted.

[✓] Xcode - develop for iOS and macOS (Xcode 11.1)
    • Xcode at /Applications/Xcode.app/Contents/Developer
    • Xcode 11.1, Build version 11A1027
    • CocoaPods version 1.8.4

[✓] Chrome - develop for the web
    • Chrome at /Applications/Google Chrome.app/Contents/MacOS/Google Chrome

[✓] Android Studio (version 3.5)
    • Android Studio at /Applications/Android Studio.app/Contents
    • Flutter plugin version 43.0.1
    • Dart plugin version 191.8593
    • Java version OpenJDK Runtime Environment (build 1.8.0_202-release-1483-b49-5587405)

[!] IntelliJ IDEA Community Edition (version 2019.1.2)
    • IntelliJ at /Applications/IntelliJ IDEA CE.app
    ✗ Flutter plugin not installed; this adds Flutter specific functionality.
    ✗ Dart plugin not installed; this adds Dart specific functionality.
    • For information about installing plugins, see
      https://flutter.dev/intellij-setup/#installing-the-plugins

[✓] Connected device (4 available)
    • Pixel 4 XL          • 99111FFBA00828 • android-arm64  • Android 10 (API 29)
    • AOSP on IA Emulator • emulator-5554  • android-x86    • Android 9 (API 28) (emulator)
    • Chrome              • chrome         • web-javascript • Google Chrome 79.0.3945.130
    • Web Server          • web-server     • web-javascript • Flutter Tools

! Doctor found issues in 1 category.
```
